2025-08-08 15:21:46,274 - INFO - Pasta verificada: Entrada
2025-08-08 15:21:46,275 - INFO - Pasta verificada: Saida
2025-08-08 15:21:46,278 - INFO - Pasta verificada: Entrada\Processados
2025-08-08 15:21:46,278 - INFO - Pasta verificada: Entrada\Erros
2025-08-08 15:21:46,287 - INFO - Verificando pasta de entrada...
2025-08-08 15:21:46,288 - INFO - Encontrados 1 arquivos para processar.
2025-08-08 15:21:46,288 - INFO - Processando: empréstimos.xlsx
2025-08-08 15:21:46,289 - INFO - Processando empréstimos: empréstimos.xlsx
2025-08-08 15:21:48,081 - INFO - Empréstimos processados: Saida\emprestimos_20250808_152147.xlsx
2025-08-08 15:21:48,090 - INFO - Arquivo movido: empréstimos.xlsx -> Entrada\Processados\empréstimos.xlsx
2025-08-08 15:21:48,090 - INFO - ✅ empréstimos.xlsx processado com sucesso!
2025-08-08 15:38:39,858 - INFO - Pasta verificada: Entrada
2025-08-08 15:38:39,859 - INFO - Pasta verificada: Saida
2025-08-08 15:38:39,860 - INFO - Pasta verificada: Entrada\Processados
2025-08-08 15:38:39,860 - INFO - Pasta verificada: Entrada\Erros
2025-08-08 15:38:39,861 - INFO - Verificando pasta de entrada...
2025-08-08 15:38:39,862 - INFO - Encontrados 1 arquivos para processar.
2025-08-08 15:38:39,862 - INFO - Processando: empréstimos.xlsx
2025-08-08 15:38:39,862 - INFO - Processando empréstimos: empréstimos.xlsx
2025-08-08 15:38:41,150 - INFO - Empréstimos processados: Saida\emprestimos_20250808_153840.xlsx
2025-08-08 15:38:41,322 - INFO - Arquivo movido: empréstimos.xlsx -> Entrada\Processados\empréstimos.xlsx
2025-08-08 15:38:41,322 - INFO - ✅ empréstimos.xlsx processado com sucesso!
2025-08-08 15:52:53,799 - INFO - Pasta verificada: Entrada
2025-08-08 15:52:53,800 - INFO - Pasta verificada: Saida
2025-08-08 15:52:53,801 - INFO - Pasta verificada: Entrada\Processados
2025-08-08 15:52:53,802 - INFO - Pasta verificada: Entrada\Erros
2025-08-08 15:52:53,803 - INFO - Verificando pasta de entrada...
2025-08-08 15:52:53,805 - INFO - Nenhum arquivo novo encontrado.
2025-08-08 15:55:45,630 - INFO - Pasta verificada: Entrada
2025-08-08 15:55:45,631 - INFO - Pasta verificada: Saida
2025-08-08 15:55:45,632 - INFO - Pasta verificada: Entrada\Processados
2025-08-08 15:55:45,633 - INFO - Pasta verificada: Entrada\Erros
2025-08-08 15:55:45,635 - INFO - Verificando pasta de entrada...
2025-08-08 15:55:45,639 - INFO - Encontrados 1 arquivos para processar.
2025-08-08 15:55:45,639 - INFO - Processando: Empréstimos_Teste.xlsx
2025-08-08 15:55:45,640 - INFO - Processando empréstimos: Empréstimos_Teste.xlsx
2025-08-08 15:55:48,620 - INFO - Empréstimos processados: Saida\emprestimos_20250808_155548.xlsx
2025-08-08 15:55:48,779 - INFO - Arquivo movido: Empréstimos_Teste.xlsx -> Entrada\Processados\Empréstimos_Teste.xlsx
2025-08-08 15:55:48,780 - INFO - ✅ Empréstimos_Teste.xlsx processado com sucesso!
2025-08-08 16:02:12,652 - INFO - Pasta verificada: Entrada
2025-08-08 16:02:12,653 - INFO - Pasta verificada: Saida
2025-08-08 16:02:12,654 - INFO - Pasta verificada: Entrada\Processados
2025-08-08 16:02:12,655 - INFO - Pasta verificada: Entrada\Erros
2025-08-08 16:02:12,656 - INFO - Verificando pasta de entrada...
2025-08-08 16:02:12,658 - INFO - Encontrados 1 arquivos para processar.
2025-08-08 16:02:12,659 - INFO - Processando: empréstimo.xlsx
2025-08-08 16:02:12,661 - INFO - Processando empréstimos: empréstimo.xlsx
2025-08-08 16:02:14,380 - INFO - Empréstimos processados: Saida\emprestimos_20250808_160214.xlsx
2025-08-08 16:02:14,388 - INFO - Arquivo movido: empréstimo.xlsx -> Entrada\Processados\empréstimo.xlsx
2025-08-08 16:02:14,388 - INFO - ✅ empréstimo.xlsx processado com sucesso!
2025-08-08 16:06:00,106 - INFO - Pasta verificada: Entrada
2025-08-08 16:06:00,109 - INFO - Pasta verificada: Saida
2025-08-08 16:06:00,110 - INFO - Pasta verificada: Entrada\Processados
2025-08-08 16:06:00,111 - INFO - Pasta verificada: Entrada\Erros
2025-08-08 16:06:00,113 - INFO - Verificando pasta de entrada...
2025-08-08 16:06:00,116 - INFO - Encontrados 1 arquivos para processar.
2025-08-08 16:06:00,117 - INFO - Processando: empréstimos.xlsx
2025-08-08 16:06:00,117 - INFO - Processando empréstimos: empréstimos.xlsx
2025-08-08 16:06:01,932 - INFO - Empréstimos processados: Saida\emprestimos_20250808_160601.xlsx
2025-08-08 16:06:02,076 - INFO - Arquivo movido: empréstimos.xlsx -> Entrada\Processados\empréstimos.xlsx
2025-08-08 16:06:02,076 - INFO - ✅ empréstimos.xlsx processado com sucesso!
2025-08-08 16:10:31,056 - INFO - Pasta verificada: Entrada
2025-08-08 16:10:31,058 - INFO - Pasta verificada: Saida
2025-08-08 16:10:31,059 - INFO - Pasta verificada: Entrada\Processados
2025-08-08 16:10:31,060 - INFO - Pasta verificada: Entrada\Erros
2025-08-08 16:10:31,062 - INFO - Verificando pasta de entrada...
2025-08-08 16:10:31,065 - INFO - Encontrados 1 arquivos para processar.
2025-08-08 16:10:31,065 - INFO - Processando: Empréstimos_Teste.xlsx
2025-08-08 16:10:31,067 - INFO - Processando empréstimos: Empréstimos_Teste.xlsx
2025-08-08 16:10:32,951 - INFO - Empréstimos processados: Saida\emprestimos_20250808_161032.xlsx
2025-08-08 16:10:33,084 - INFO - Arquivo movido: Empréstimos_Teste.xlsx -> Entrada\Processados\Empréstimos_Teste.xlsx
2025-08-08 16:10:33,084 - INFO - ✅ Empréstimos_Teste.xlsx processado com sucesso!
