2025-08-06 15:32:29,024 - INFO - Pasta verificada: Entrada
2025-08-06 15:32:29,025 - INFO - Pasta verificada: Saida
2025-08-06 15:32:29,027 - INFO - Pasta verificada: Entrada\Processados
2025-08-06 15:32:29,028 - INFO - Pasta verificada: Entrada\Erros
2025-08-06 15:32:29,029 - INFO - Verificando pasta de entrada...
2025-08-06 15:32:29,030 - INFO - Encontrados 2 arquivos para processar.
2025-08-06 15:32:29,031 - INFO - Processando: empréstimos.xlsx
2025-08-06 15:32:29,031 - INFO - Processando empréstimos: empréstimos.xlsx
2025-08-06 15:32:30,919 - INFO - Empréstimos processados: Saida\emprestimos_20250806_153230.xlsx
2025-08-06 15:32:30,933 - INFO - Arquivo movido: empréstimos.xlsx -> Entrada\Processados\empréstimos.xlsx
2025-08-06 15:32:30,934 - INFO - ✅ empréstimos.xlsx processado com sucesso!
2025-08-06 15:32:30,934 - INFO - Processando: pendência.xlsx
2025-08-06 15:32:30,934 - INFO - Processando pendências: pendência.xlsx
2025-08-06 15:32:31,440 - INFO - Pendências processadas: Saida\pendencias_20250806_153231.xlsx
2025-08-06 15:32:31,447 - INFO - Arquivo movido: pendência.xlsx -> Entrada\Processados\pendência.xlsx
2025-08-06 15:32:31,447 - INFO - ✅ pendência.xlsx processado com sucesso!
2025-08-06 16:20:08,231 - INFO - Pasta verificada: Entrada
2025-08-06 16:20:08,232 - INFO - Pasta verificada: Saida
2025-08-06 16:20:08,233 - INFO - Pasta verificada: Entrada\Processados
2025-08-06 16:20:08,233 - INFO - Pasta verificada: Entrada\Erros
2025-08-06 16:20:08,234 - INFO - Verificando pasta de entrada...
2025-08-06 16:20:08,236 - INFO - Encontrados 1 arquivos para processar.
2025-08-06 16:20:08,236 - INFO - Processando: empréstimos.xlsx
2025-08-06 16:20:08,236 - INFO - Processando empréstimos: empréstimos.xlsx
2025-08-06 16:20:09,433 - INFO - Empréstimos processados: Saida\emprestimos_20250806_162009.xlsx
2025-08-06 16:20:09,541 - INFO - Arquivo movido: empréstimos.xlsx -> Entrada\Processados\empréstimos.xlsx
2025-08-06 16:20:09,541 - INFO - ✅ empréstimos.xlsx processado com sucesso!
2025-08-06 16:41:21,193 - INFO - Pasta verificada: Entrada
2025-08-06 16:41:21,194 - INFO - Pasta verificada: Saida
2025-08-06 16:41:21,195 - INFO - Pasta verificada: Entrada\Processados
2025-08-06 16:41:21,195 - INFO - Pasta verificada: Entrada\Erros
2025-08-06 16:41:21,196 - INFO - Verificando pasta de entrada...
2025-08-06 16:41:21,197 - INFO - Encontrados 1 arquivos para processar.
2025-08-06 16:41:21,197 - INFO - Processando: empréstimos.xlsx
2025-08-06 16:41:21,197 - INFO - Processando empréstimos: empréstimos.xlsx
2025-08-06 16:41:22,375 - INFO - Empréstimos processados: Saida\emprestimos_20250806_164122.xlsx
2025-08-06 16:41:22,387 - INFO - Arquivo movido: empréstimos.xlsx -> Entrada\Processados\empréstimos.xlsx
2025-08-06 16:41:22,387 - INFO - ✅ empréstimos.xlsx processado com sucesso!
