2025-08-15 12:43:49,156 - INFO - Pasta verificada: Entrada
2025-08-15 12:43:49,157 - INFO - Pasta verificada: Saida
2025-08-15 12:43:49,159 - INFO - Pasta verificada: Entrada\Processados
2025-08-15 12:43:49,159 - INFO - Pasta verificada: Entrada\Erros
2025-08-15 12:43:49,160 - INFO - Verificando pasta de entrada...
2025-08-15 12:43:49,161 - INFO - Encontrados 1 arquivos para processar.
2025-08-15 12:43:49,161 - INFO - Processando: Relatório de Empréstimos.xlsx
2025-08-15 12:43:49,162 - INFO - Processando empréstimos: Relatório de Empréstimos.xlsx
2025-08-15 12:43:50,921 - INFO - Empréstimos processados: Saida\emprestimos_20250815_124350.xlsx
2025-08-15 12:43:50,937 - INFO - Arquivo movido: Relatório de Empréstimos.xlsx -> Entrada\Processados\Relatório de Empréstimos.xlsx
2025-08-15 12:43:50,938 - INFO - ✅ Relatório de Empréstimos.xlsx processado com sucesso!
2025-08-15 12:48:54,048 - INFO - Pasta verificada: Entrada
2025-08-15 12:48:54,049 - INFO - Pasta verificada: Saida
2025-08-15 12:48:54,050 - INFO - Pasta verificada: Entrada\Processados
2025-08-15 12:48:54,051 - INFO - Pasta verificada: Entrada\Erros
2025-08-15 12:48:54,051 - INFO - Verificando pasta de entrada...
2025-08-15 12:48:54,056 - INFO - Encontrados 1 arquivos para processar.
2025-08-15 12:48:54,057 - INFO - Processando: Relatório de Empréstimos.xlsx
2025-08-15 12:48:54,059 - INFO - Processando empréstimos: Relatório de Empréstimos.xlsx
2025-08-15 12:48:56,975 - INFO - Empréstimos processados: Saida\emprestimos_20250815_124856.xlsx
2025-08-15 12:48:57,217 - INFO - Arquivo movido: Relatório de Empréstimos.xlsx -> Entrada\Processados\Relatório de Empréstimos.xlsx
2025-08-15 12:48:57,218 - INFO - ✅ Relatório de Empréstimos.xlsx processado com sucesso!
