2025-08-11 14:05:15,204 - INFO - Pasta verificada: Entrada
2025-08-11 14:05:15,205 - INFO - Pasta verificada: Saida
2025-08-11 14:05:15,206 - INFO - Pasta verificada: Entrada\Processados
2025-08-11 14:05:15,206 - INFO - Pasta verificada: Entrada\Erros
2025-08-11 14:05:15,207 - INFO - Verificando pasta de entrada...
2025-08-11 14:05:15,208 - INFO - Encontrados 1 arquivos para processar.
2025-08-11 14:05:15,208 - INFO - Processando: empréstimos.xlsx
2025-08-11 14:05:15,209 - INFO - Processando empréstimos: empréstimos.xlsx
2025-08-11 14:05:17,446 - INFO - Empréstimos processados: Saida\emprestimos_20250811_140517.xlsx
2025-08-11 14:05:17,457 - INFO - Arquivo movido: empréstimos.xlsx -> Entrada\Processados\empréstimos.xlsx
2025-08-11 14:05:17,457 - INFO - ✅ empréstimos.xlsx processado com sucesso!
2025-08-11 14:12:01,602 - INFO - Pasta verificada: Entrada
2025-08-11 14:12:01,603 - INFO - Pasta verificada: Saida
2025-08-11 14:12:01,604 - INFO - Pasta verificada: Entrada\Processados
2025-08-11 14:12:01,604 - INFO - Pasta verificada: Entrada\Erros
2025-08-11 14:12:01,605 - INFO - Verificando pasta de entrada...
2025-08-11 14:12:01,606 - INFO - Encontrados 1 arquivos para processar.
2025-08-11 14:12:01,606 - INFO - Processando: empréstimos.xlsx
2025-08-11 14:12:01,606 - INFO - Processando empréstimos: empréstimos.xlsx
2025-08-11 14:12:04,496 - INFO - Empréstimos processados: Saida\emprestimos_20250811_141203.xlsx
2025-08-11 14:12:04,624 - INFO - Arquivo movido: empréstimos.xlsx -> Entrada\Processados\empréstimos.xlsx
2025-08-11 14:12:04,625 - INFO - ✅ empréstimos.xlsx processado com sucesso!
2025-08-11 14:24:29,766 - INFO - Pasta verificada: Entrada
2025-08-11 14:24:29,768 - INFO - Pasta verificada: Saida
2025-08-11 14:24:29,769 - INFO - Pasta verificada: Entrada\Processados
2025-08-11 14:24:29,770 - INFO - Pasta verificada: Entrada\Erros
2025-08-11 14:24:29,771 - INFO - Verificando pasta de entrada...
2025-08-11 14:24:29,772 - INFO - Encontrados 1 arquivos para processar.
2025-08-11 14:24:29,772 - INFO - Processando: empréstimos.xlsx
2025-08-11 14:24:29,772 - INFO - Processando empréstimos: empréstimos.xlsx
2025-08-11 14:24:34,126 - INFO - Empréstimos processados: Saida\emprestimos_20250811_142433.xlsx
2025-08-11 14:24:34,229 - INFO - Arquivo movido: empréstimos.xlsx -> Entrada\Processados\empréstimos.xlsx
2025-08-11 14:24:34,229 - INFO - ✅ empréstimos.xlsx processado com sucesso!
2025-08-11 15:52:30,407 - INFO - Pasta verificada: Entrada
2025-08-11 15:52:30,409 - INFO - Pasta verificada: Saida
2025-08-11 15:52:30,410 - INFO - Pasta verificada: Entrada\Processados
2025-08-11 15:52:30,412 - INFO - Pasta verificada: Entrada\Erros
2025-08-11 15:52:30,413 - INFO - Verificando pasta de entrada...
2025-08-11 15:52:30,414 - INFO - Encontrados 1 arquivos para processar.
2025-08-11 15:52:30,414 - INFO - Processando: Empréstimos.xlsx
2025-08-11 15:52:30,414 - INFO - Processando empréstimos: Empréstimos.xlsx
2025-08-11 15:52:32,501 - INFO - Empréstimos processados: Saida\emprestimos_20250811_155232.xlsx
2025-08-11 15:52:32,617 - INFO - Arquivo movido: Empréstimos.xlsx -> Entrada\Processados\Empréstimos.xlsx
2025-08-11 15:52:32,617 - INFO - ✅ Empréstimos.xlsx processado com sucesso!
